16:59:08.623 [HikariPool-1:housekeeper] DEBUG com.zaxxer.hikari.pool.HikariPool [com.zaxxer.hikari.pool.HikariPool] [logPoolState] [422] HikariPool-1 - Pool stats (total=10/10, idle=10/10, active=0, waiting=0) 
16:59:08.625 [HikariPool-1:housekeeper] DEBUG com.zaxxer.hikari.pool.HikariPool [com.zaxxer.hikari.pool.HikariPool] [fillPool] [536] HikariPool-1 - Fill pool skipped, pool has sufficient level or currently being filled. 
16:59:38.628 [HikariPool-1:housekeeper] DEBUG com.zaxxer.hikari.pool.HikariPool [com.zaxxer.hikari.pool.HikariPool] [logPoolState] [422] HikariPool-1 - Pool stats (total=10/10, idle=10/10, active=0, waiting=0) 
16:59:38.629 [HikariPool-1:housekeeper] DEBUG com.zaxxer.hikari.pool.HikariPool [com.zaxxer.hikari.pool.HikariPool] [fillPool] [536] HikariPool-1 - Fill pool skipped, pool has sufficient level or currently being filled. 
16:59:47.853 [SpringApplicationShutdownHook] DEBUG o.s.b.a.ApplicationAvailabilityBean [org.springframework.boot.availability.ApplicationAvailabilityBean] [onApplicationEvent] [77] Application availability state ReadinessState changed from ACCEPTING_TRAFFIC to REFUSING_TRAFFIC 
16:59:47.853 [SpringApplicationShutdownHook] DEBUG o.s.b.w.s.c.AnnotationConfigServletWebServerApplicationContext [org.springframework.context.support.AbstractApplicationContext] [doClose] [1158] Closing org.springframework.boot.web.servlet.context.AnnotationConfigServletWebServerApplicationContext@3ae66c85, started on Sat Oct 11 16:55:07 KST 2025 
16:59:47.855 [SpringApplicationShutdownHook] DEBUG o.s.c.s.DefaultLifecycleProcessor [org.springframework.context.support.DefaultLifecycleProcessor$LifecycleGroup] [stop] [611] Stopping beans in phase 2147483647 
16:59:47.855 [SpringApplicationShutdownHook] DEBUG o.s.c.s.DefaultLifecycleProcessor [org.springframework.context.support.DefaultLifecycleProcessor$LifecycleGroup] [stop] [611] Stopping beans in phase 2147482623 
16:59:47.855 [SpringApplicationShutdownHook] INFO  o.s.b.w.e.tomcat.GracefulShutdown [org.springframework.boot.web.embedded.tomcat.GracefulShutdown] [shutDownGracefully] [54] Commencing graceful shutdown. Waiting for active requests to complete 
16:59:47.863 [tomcat-shutdown] INFO  o.s.b.w.e.tomcat.GracefulShutdown [org.springframework.boot.web.embedded.tomcat.GracefulShutdown] [doShutdown] [76] Graceful shutdown complete 
16:59:47.863 [SpringApplicationShutdownHook] DEBUG o.s.c.s.DefaultLifecycleProcessor [org.springframework.context.support.DefaultLifecycleProcessor$LifecycleGroup] [stop] [611] Stopping beans in phase 2147481599 
16:59:47.863 [tomcat-shutdown] DEBUG o.s.c.s.DefaultLifecycleProcessor [org.springframework.context.support.DefaultLifecycleProcessor] [lambda$doStop$5] [467] Bean 'webServerGracefulShutdown' completed its stop procedure 
16:59:47.865 [SpringApplicationShutdownHook] DEBUG o.s.c.s.DefaultLifecycleProcessor [org.springframework.context.support.DefaultLifecycleProcessor] [lambda$doStop$5] [467] Bean 'webServerStartStop' completed its stop procedure 
16:59:47.865 [SpringApplicationShutdownHook] DEBUG o.s.c.s.DefaultLifecycleProcessor [org.springframework.context.support.DefaultLifecycleProcessor$LifecycleGroup] [stop] [611] Stopping beans in phase 1073741823 
16:59:47.865 [SpringApplicationShutdownHook] DEBUG o.s.c.s.DefaultLifecycleProcessor [org.springframework.context.support.DefaultLifecycleProcessor] [lambda$doStop$5] [467] Bean 'applicationTaskExecutor' completed its stop procedure 
16:59:47.865 [SpringApplicationShutdownHook] DEBUG o.s.c.s.DefaultLifecycleProcessor [org.springframework.context.support.DefaultLifecycleProcessor$LifecycleGroup] [stop] [611] Stopping beans in phase 0 
16:59:47.868 [SpringApplicationShutdownHook] DEBUG o.s.c.s.DefaultLifecycleProcessor [org.springframework.context.support.DefaultLifecycleProcessor$LifecycleGroup] [stop] [611] Stopping beans in phase -2147483647 
16:59:47.868 [SpringApplicationShutdownHook] DEBUG o.s.c.s.DefaultLifecycleProcessor [org.springframework.context.support.DefaultLifecycleProcessor] [lambda$doStop$5] [467] Bean 'springBootLoggingLifecycle' completed its stop procedure 
16:59:47.868 [SpringApplicationShutdownHook] DEBUG o.s.c.s.DefaultLifecycleProcessor [org.springframework.context.support.DefaultLifecycleProcessor$LifecycleGroup] [stop] [611] Stopping beans in phase -2147483648 
16:59:47.868 [SpringApplicationShutdownHook] DEBUG o.s.c.s.DefaultLifecycleProcessor [org.springframework.context.support.DefaultLifecycleProcessor] [lambda$doStop$5] [467] Bean 'rabbitConnectionFactory' completed its stop procedure 
16:59:47.870 [SpringApplicationShutdownHook] INFO  o.s.o.j.LocalContainerEntityManagerFactoryBean [org.springframework.orm.jpa.AbstractEntityManagerFactoryBean] [destroy] [660] Closing JPA EntityManagerFactory for persistence unit 'default' 
16:59:47.870 [SpringApplicationShutdownHook] DEBUG o.h.internal.SessionFactoryImpl [org.hibernate.internal.SessionFactoryImpl] [close] [927] HHH000031: Closing 
16:59:47.871 [SpringApplicationShutdownHook] DEBUG o.h.type.spi.TypeConfiguration$Scope [org.hibernate.type.spi.TypeConfiguration$Scope] [unsetSessionFactory] [576] Un-scoping TypeConfiguration [org.hibernate.type.spi.TypeConfiguration$Scope@257a238c] from SessionFactory [org.hibernate.internal.SessionFactoryImpl@1488d1c] 
16:59:47.871 [SpringApplicationShutdownHook] DEBUG o.h.s.i.AbstractServiceRegistryImpl [org.hibernate.service.internal.AbstractServiceRegistryImpl] [deRegisterChild] [414] Implicitly destroying ServiceRegistry on de-registration of all child ServiceRegistries 
16:59:47.872 [SpringApplicationShutdownHook] DEBUG o.h.b.r.i.BootstrapServiceRegistryImpl [org.hibernate.boot.registry.internal.BootstrapServiceRegistryImpl] [deRegisterChild] [298] Implicitly destroying Boot-strap registry on de-registration of all child ServiceRegistries 
16:59:47.872 [SpringApplicationShutdownHook] INFO  com.zaxxer.hikari.HikariDataSource [com.zaxxer.hikari.HikariDataSource] [close] [349] HikariPool-1 - Shutdown initiated... 
16:59:47.872 [SpringApplicationShutdownHook] DEBUG com.zaxxer.hikari.pool.HikariPool [com.zaxxer.hikari.pool.HikariPool] [logPoolState] [422] HikariPool-1 - Before shutdown stats (total=10/10, idle=10/10, active=0, waiting=0) 
16:59:47.873 [HikariPool-1:connection-closer] DEBUG com.zaxxer.hikari.pool.PoolBase [com.zaxxer.hikari.pool.PoolBase] [quietlyCloseConnection] [138] HikariPool-1 - Closing connection com.mysql.cj.jdbc.ConnectionImpl@5a58db42: (connection evicted) 
16:59:47.875 [HikariPool-1:connection-closer] DEBUG com.zaxxer.hikari.pool.PoolBase [com.zaxxer.hikari.pool.PoolBase] [quietlyCloseConnection] [138] HikariPool-1 - Closing connection com.mysql.cj.jdbc.ConnectionImpl@6bb3fe5f: (connection evicted) 
16:59:47.875 [HikariPool-1:connection-closer] DEBUG com.zaxxer.hikari.pool.PoolBase [com.zaxxer.hikari.pool.PoolBase] [quietlyCloseConnection] [138] HikariPool-1 - Closing connection com.mysql.cj.jdbc.ConnectionImpl@2a8ef464: (connection evicted) 
16:59:47.875 [HikariPool-1:connection-closer] DEBUG com.zaxxer.hikari.pool.PoolBase [com.zaxxer.hikari.pool.PoolBase] [quietlyCloseConnection] [138] HikariPool-1 - Closing connection com.mysql.cj.jdbc.ConnectionImpl@1b6ebf02: (connection evicted) 
16:59:47.875 [HikariPool-1:connection-closer] DEBUG com.zaxxer.hikari.pool.PoolBase [com.zaxxer.hikari.pool.PoolBase] [quietlyCloseConnection] [138] HikariPool-1 - Closing connection com.mysql.cj.jdbc.ConnectionImpl@4aa10b2b: (connection evicted) 
16:59:47.875 [HikariPool-1:connection-closer] DEBUG com.zaxxer.hikari.pool.PoolBase [com.zaxxer.hikari.pool.PoolBase] [quietlyCloseConnection] [138] HikariPool-1 - Closing connection com.mysql.cj.jdbc.ConnectionImpl@141fa74b: (connection evicted) 
16:59:47.875 [HikariPool-1:connection-closer] DEBUG com.zaxxer.hikari.pool.PoolBase [com.zaxxer.hikari.pool.PoolBase] [quietlyCloseConnection] [138] HikariPool-1 - Closing connection com.mysql.cj.jdbc.ConnectionImpl@4eef3523: (connection evicted) 
16:59:47.875 [HikariPool-1:connection-closer] DEBUG com.zaxxer.hikari.pool.PoolBase [com.zaxxer.hikari.pool.PoolBase] [quietlyCloseConnection] [138] HikariPool-1 - Closing connection com.mysql.cj.jdbc.ConnectionImpl@618f4cb9: (connection evicted) 
16:59:47.875 [HikariPool-1:connection-closer] DEBUG com.zaxxer.hikari.pool.PoolBase [com.zaxxer.hikari.pool.PoolBase] [quietlyCloseConnection] [138] HikariPool-1 - Closing connection com.mysql.cj.jdbc.ConnectionImpl@76750f60: (connection evicted) 
16:59:47.875 [HikariPool-1:connection-closer] DEBUG com.zaxxer.hikari.pool.PoolBase [com.zaxxer.hikari.pool.PoolBase] [quietlyCloseConnection] [138] HikariPool-1 - Closing connection com.mysql.cj.jdbc.ConnectionImpl@79eb27fa: (connection evicted) 
16:59:47.875 [SpringApplicationShutdownHook] DEBUG com.zaxxer.hikari.pool.HikariPool [com.zaxxer.hikari.pool.HikariPool] [logPoolState] [422] HikariPool-1 - After  shutdown stats (total=0/10, idle=0/10, active=0, waiting=0) 
16:59:47.875 [SpringApplicationShutdownHook] INFO  com.zaxxer.hikari.HikariDataSource [com.zaxxer.hikari.HikariDataSource] [close] [351] HikariPool-1 - Shutdown completed. 
16:59:47.875 [SpringApplicationShutdownHook] DEBUG o.s.s.c.ThreadPoolTaskExecutor [org.springframework.scheduling.concurrent.ExecutorConfigurationSupport] [shutdown] [370] Shutting down ExecutorService 'applicationTaskExecutor' 
